backend-lb  | /docker-entrypoint.sh: /docker-entrypoint.d/ is not empty, will attempt to perform configuration
backend-lb  | /docker-entrypoint.sh: Looking for shell scripts in /docker-entrypoint.d/
backend-lb  | /docker-entrypoint.sh: Launching /docker-entrypoint.d/10-listen-on-ipv6-by-default.sh
backend-lb  | 10-listen-on-ipv6-by-default.sh: info: Getting the checksum of /etc/nginx/conf.d/default.conf
backend-lb  | 10-listen-on-ipv6-by-default.sh: info: Enabled listen on IPv6 in /etc/nginx/conf.d/default.conf
backend-lb  | /docker-entrypoint.sh: Sourcing /docker-entrypoint.d/15-local-resolvers.envsh
backend-lb  | /docker-entrypoint.sh: Launching /docker-entrypoint.d/20-envsubst-on-templates.sh
backend-lb  | /docker-entrypoint.sh: Launching /docker-entrypoint.d/30-tune-worker-processes.sh
backend-lb  | /docker-entrypoint.sh: Configuration complete; ready for start up
backend-lb  | 2026/03/03 00:25:05 [emerg] 1#1: host not found in upstream "backend-2:8090" in /etc/nginx/nginx.conf:8
backend-lb  | nginx: [emerg] host not found in upstream "backend-2:8090" in /etc/nginx/nginx.conf:8
backend-lb  | /docker-entrypoint.sh: /docker-entrypoint.d/ is not empty, will attempt to perform configuration
backend-lb  | /docker-entrypoint.sh: Looking for shell scripts in /docker-entrypoint.d/
backend-lb  | /docker-entrypoint.sh: Launching /docker-entrypoint.d/10-listen-on-ipv6-by-default.sh
backend-lb  | 10-listen-on-ipv6-by-default.sh: info: IPv6 listen already enabled
backend-lb  | /docker-entrypoint.sh: Sourcing /docker-entrypoint.d/15-local-resolvers.envsh
backend-lb  | /docker-entrypoint.sh: Launching /docker-entrypoint.d/20-envsubst-on-templates.sh
backend-lb  | /docker-entrypoint.sh: Launching /docker-entrypoint.d/30-tune-worker-processes.sh
backend-lb  | /docker-entrypoint.sh: Configuration complete; ready for start up
backend-lb  | 2026/03/03 00:33:40 [emerg] 1#1: host not found in upstream "backend-2:8090" in /etc/nginx/nginx.conf:8
backend-lb  | nginx: [emerg] host not found in upstream "backend-2:8090" in /etc/nginx/nginx.conf:8
backend-lb  | /docker-entrypoint.sh: /docker-entrypoint.d/ is not empty, will attempt to perform configuration
backend-lb  | /docker-entrypoint.sh: Looking for shell scripts in /docker-entrypoint.d/
backend-lb  | /docker-entrypoint.sh: Launching /docker-entrypoint.d/10-listen-on-ipv6-by-default.sh
backend-lb  | 10-listen-on-ipv6-by-default.sh: info: IPv6 listen already enabled
backend-lb  | /docker-entrypoint.sh: Sourcing /docker-entrypoint.d/15-local-resolvers.envsh
backend-lb  | /docker-entrypoint.sh: Launching /docker-entrypoint.d/20-envsubst-on-templates.sh
backend-lb  | /docker-entrypoint.sh: Launching /docker-entrypoint.d/30-tune-worker-processes.sh
backend-lb  | /docker-entrypoint.sh: Configuration complete; ready for start up
backend-lb  | 2026/03/03 00:34:27 [emerg] 1#1: host not found in upstream "backend-2:8090" in /etc/nginx/nginx.conf:8
backend-lb  | nginx: [emerg] host not found in upstream "backend-2:8090" in /etc/nginx/nginx.conf:8
backend-lb  | /docker-entrypoint.sh: /docker-entrypoint.d/ is not empty, will attempt to perform configuration
backend-lb  | /docker-entrypoint.sh: Looking for shell scripts in /docker-entrypoint.d/
backend-lb  | /docker-entrypoint.sh: Launching /docker-entrypoint.d/10-listen-on-ipv6-by-default.sh
backend-lb  | 10-listen-on-ipv6-by-default.sh: info: IPv6 listen already enabled
backend-lb  | /docker-entrypoint.sh: Sourcing /docker-entrypoint.d/15-local-resolvers.envsh
backend-lb  | /docker-entrypoint.sh: Launching /docker-entrypoint.d/20-envsubst-on-templates.sh
backend-lb  | /docker-entrypoint.sh: Launching /docker-entrypoint.d/30-tune-worker-processes.sh
backend-lb  | /docker-entrypoint.sh: Configuration complete; ready for start up
backend-lb  | 2026/03/03 00:51:27 [emerg] 1#1: host not found in upstream "backend-2:8090" in /etc/nginx/nginx.conf:8
backend-lb  | nginx: [emerg] host not found in upstream "backend-2:8090" in /etc/nginx/nginx.conf:8
