frontend-lb  | /docker-entrypoint.sh: /docker-entrypoint.d/ is not empty, will attempt to perform configuration
frontend-lb  | /docker-entrypoint.sh: Looking for shell scripts in /docker-entrypoint.d/
frontend-lb  | /docker-entrypoint.sh: Launching /docker-entrypoint.d/10-listen-on-ipv6-by-default.sh
frontend-lb  | 10-listen-on-ipv6-by-default.sh: info: Getting the checksum of /etc/nginx/conf.d/default.conf
frontend-lb  | 10-listen-on-ipv6-by-default.sh: info: Enabled listen on IPv6 in /etc/nginx/conf.d/default.conf
frontend-lb  | /docker-entrypoint.sh: Sourcing /docker-entrypoint.d/15-local-resolvers.envsh
frontend-lb  | /docker-entrypoint.sh: Launching /docker-entrypoint.d/20-envsubst-on-templates.sh
frontend-lb  | /docker-entrypoint.sh: Launching /docker-entrypoint.d/30-tune-worker-processes.sh
frontend-lb  | /docker-entrypoint.sh: Configuration complete; ready for start up
frontend-lb  | 2026/03/03 00:25:07 [emerg] 1#1: host not found in upstream "frontend-2:80" in /etc/nginx/nginx.conf:8
frontend-lb  | nginx: [emerg] host not found in upstream "frontend-2:80" in /etc/nginx/nginx.conf:8
frontend-lb  | /docker-entrypoint.sh: /docker-entrypoint.d/ is not empty, will attempt to perform configuration
frontend-lb  | /docker-entrypoint.sh: Looking for shell scripts in /docker-entrypoint.d/
frontend-lb  | /docker-entrypoint.sh: Launching /docker-entrypoint.d/10-listen-on-ipv6-by-default.sh
frontend-lb  | 10-listen-on-ipv6-by-default.sh: info: IPv6 listen already enabled
frontend-lb  | /docker-entrypoint.sh: Sourcing /docker-entrypoint.d/15-local-resolvers.envsh
frontend-lb  | /docker-entrypoint.sh: Launching /docker-entrypoint.d/20-envsubst-on-templates.sh
frontend-lb  | /docker-entrypoint.sh: Launching /docker-entrypoint.d/30-tune-worker-processes.sh
frontend-lb  | /docker-entrypoint.sh: Configuration complete; ready for start up
frontend-lb  | 2026/03/03 00:33:41 [emerg] 1#1: host not found in upstream "frontend-2:80" in /etc/nginx/nginx.conf:8
frontend-lb  | nginx: [emerg] host not found in upstream "frontend-2:80" in /etc/nginx/nginx.conf:8
frontend-lb  | /docker-entrypoint.sh: /docker-entrypoint.d/ is not empty, will attempt to perform configuration
frontend-lb  | /docker-entrypoint.sh: Looking for shell scripts in /docker-entrypoint.d/
frontend-lb  | /docker-entrypoint.sh: Launching /docker-entrypoint.d/10-listen-on-ipv6-by-default.sh
frontend-lb  | 10-listen-on-ipv6-by-default.sh: info: IPv6 listen already enabled
frontend-lb  | /docker-entrypoint.sh: Sourcing /docker-entrypoint.d/15-local-resolvers.envsh
frontend-lb  | /docker-entrypoint.sh: Launching /docker-entrypoint.d/20-envsubst-on-templates.sh
frontend-lb  | /docker-entrypoint.sh: Launching /docker-entrypoint.d/30-tune-worker-processes.sh
frontend-lb  | /docker-entrypoint.sh: Configuration complete; ready for start up
frontend-lb  | 2026/03/03 00:34:28 [emerg] 1#1: host not found in upstream "frontend-2:80" in /etc/nginx/nginx.conf:8
frontend-lb  | nginx: [emerg] host not found in upstream "frontend-2:80" in /etc/nginx/nginx.conf:8
frontend-lb  | /docker-entrypoint.sh: /docker-entrypoint.d/ is not empty, will attempt to perform configuration
frontend-lb  | /docker-entrypoint.sh: Looking for shell scripts in /docker-entrypoint.d/
frontend-lb  | /docker-entrypoint.sh: Launching /docker-entrypoint.d/10-listen-on-ipv6-by-default.sh
frontend-lb  | 10-listen-on-ipv6-by-default.sh: info: IPv6 listen already enabled
frontend-lb  | /docker-entrypoint.sh: Sourcing /docker-entrypoint.d/15-local-resolvers.envsh
frontend-lb  | /docker-entrypoint.sh: Launching /docker-entrypoint.d/20-envsubst-on-templates.sh
frontend-lb  | /docker-entrypoint.sh: Launching /docker-entrypoint.d/30-tune-worker-processes.sh
frontend-lb  | /docker-entrypoint.sh: Configuration complete; ready for start up
frontend-lb  | 2026/03/03 00:51:28 [emerg] 1#1: host not found in upstream "frontend-2:80" in /etc/nginx/nginx.conf:8
frontend-lb  | nginx: [emerg] host not found in upstream "frontend-2:80" in /etc/nginx/nginx.conf:8
